ERROR [main] portico.lrc: Error reading fed file: The element type "objectClass" must be terminated by the matching end-tag "</objectClass>".
org.portico.lrc.compat.JErrorReadingFED: Error reading fed file: The element type "objectClass" must be terminated by the matching end-tag "</objectClass>".
	at org.portico.impl.hla1516.fomparser.FOM.parseFOM(FOM.java:495)
	at org.portico.lrc.services.federation.handlers.outgoing.CreateFederationHandler.parseFed(CreateFederationHandler.java:143)
	at org.portico.lrc.services.federation.handlers.outgoing.CreateFederationHandler.process(CreateFederationHandler.java:66)
	at org.portico.utils.messaging.MessageSink.process(MessageSink.java:187)
	at org.portico.impl.hla13.Impl13Helper.processMessage(Impl13Helper.java:123)
	at org.portico.impl.hla13.Rti13Ambassador.processMessage(Rti13Ambassador.java:5822)
	at org.portico.impl.hla13.Rti13Ambassador.createFederationExecution(Rti13Ambassador.java:194)
	at federaci.AbstractFederat.createFederation(AbstractFederat.java:70)
	at federaci.FederatKlient.runFederate(FederatKlient.java:28)
	at federaci.FederatKasa.main(FederatKasa.java:18)
Caused by: org.xml.sax.SAXParseException; lineNumber: 47; columnNumber: 7; The element type "objectClass" must be terminated by the matching end-tag "</objectClass>".
	at com.sun.org.apache.xerces.internal.parsers.DOMParser.parse(DOMParser.java:257)
	at com.sun.org.apache.xerces.internal.jaxp.DocumentBuilderImpl.parse(DocumentBuilderImpl.java:339)
	at javax.xml.parsers.DocumentBuilder.parse(DocumentBuilder.java:121)
	at org.portico.impl.hla1516.fomparser.ParserWrapper.parse(ParserWrapper.java:99)
	at org.portico.impl.hla1516.fomparser.FOM.parseFOM(FOM.java:483)
	... 9 more
ERROR [main] portico.lrc: 
org.portico.lrc.compat.JFederateNotExecutionMember: 
	at org.portico.lrc.LRCState.checkJoined(LRCState.java:387)
	at org.portico.lrc.services.time.handlers.outgoing.TimeAdvanceRequestHandler.process(TimeAdvanceRequestHandler.java:55)
	at org.portico.utils.messaging.MessageSink.process(MessageSink.java:187)
	at org.portico.impl.hla13.Impl13Helper.processMessage(Impl13Helper.java:123)
	at org.portico.impl.hla13.Rti13Ambassador.processMessage(Rti13Ambassador.java:5822)
	at org.portico.impl.hla13.Rti13Ambassador.timeAdvanceRequest(Rti13Ambassador.java:3501)
	at federaci.AbstractFederat.advanceTime(AbstractFederat.java:349)
	at federaci.FederatKlient.createAndJoinFederation(FederatKlient.java:102)
	at federaci.FederatKlient.runFederate(FederatKlient.java:29)
	at federaci.FederatKasa.main(FederatKasa.java:18)
ERROR [main] portico.lrc: 
org.portico.lrc.compat.JFederateNotExecutionMember: 
	at org.portico.lrc.LRCState.checkJoined(LRCState.java:387)
	at org.portico.lrc.services.time.handlers.outgoing.TimeAdvanceRequestHandler.process(TimeAdvanceRequestHandler.java:55)
	at org.portico.utils.messaging.MessageSink.process(MessageSink.java:187)
	at org.portico.impl.hla13.Impl13Helper.processMessage(Impl13Helper.java:123)
	at org.portico.impl.hla13.Rti13Ambassador.processMessage(Rti13Ambassador.java:5822)
	at org.portico.impl.hla13.Rti13Ambassador.timeAdvanceRequest(Rti13Ambassador.java:3501)
	at federaci.AbstractFederat.advanceTime(AbstractFederat.java:349)
	at federaci.FederatKlient.createAndJoinFederation(FederatKlient.java:102)
	at federaci.FederatKlient.runFederate(FederatKlient.java:29)
	at federaci.FederatKasa.main(FederatKasa.java:18)
ERROR [main] portico.lrc: 
org.portico.lrc.compat.JFederateNotExecutionMember: 
	at org.portico.lrc.LRCState.checkJoined(LRCState.java:387)
	at org.portico.lrc.services.time.handlers.outgoing.TimeAdvanceRequestHandler.process(TimeAdvanceRequestHandler.java:55)
	at org.portico.utils.messaging.MessageSink.process(MessageSink.java:187)
	at org.portico.impl.hla13.Impl13Helper.processMessage(Impl13Helper.java:123)
	at org.portico.impl.hla13.Rti13Ambassador.processMessage(Rti13Ambassador.java:5822)
	at org.portico.impl.hla13.Rti13Ambassador.timeAdvanceRequest(Rti13Ambassador.java:3501)
	at federaci.AbstractFederat.advanceTime(AbstractFederat.java:349)
	at federaci.FederatKlient.createAndJoinFederation(FederatKlient.java:102)
	at federaci.FederatKlient.runFederate(FederatKlient.java:29)
	at federaci.FederatKasa.main(FederatKasa.java:18)
ERROR [main] portico.lrc: 
org.portico.lrc.compat.JFederateNotExecutionMember: 
	at org.portico.lrc.LRCState.checkJoined(LRCState.java:387)
	at org.portico.lrc.services.time.handlers.outgoing.TimeAdvanceRequestHandler.process(TimeAdvanceRequestHandler.java:55)
	at org.portico.utils.messaging.MessageSink.process(MessageSink.java:187)
	at org.portico.impl.hla13.Impl13Helper.processMessage(Impl13Helper.java:123)
	at org.portico.impl.hla13.Rti13Ambassador.processMessage(Rti13Ambassador.java:5822)
	at org.portico.impl.hla13.Rti13Ambassador.timeAdvanceRequest(Rti13Ambassador.java:3501)
	at federaci.AbstractFederat.advanceTime(AbstractFederat.java:349)
	at federaci.FederatKlient.createAndJoinFederation(FederatKlient.java:102)
	at federaci.FederatKlient.runFederate(FederatKlient.java:29)
	at federaci.FederatKasa.main(FederatKasa.java:18)
ERROR [main] portico.lrc: 
org.portico.lrc.compat.JFederateNotExecutionMember: 
	at org.portico.lrc.LRCState.checkJoined(LRCState.java:387)
	at org.portico.lrc.services.time.handlers.outgoing.TimeAdvanceRequestHandler.process(TimeAdvanceRequestHandler.java:55)
	at org.portico.utils.messaging.MessageSink.process(MessageSink.java:187)
	at org.portico.impl.hla13.Impl13Helper.processMessage(Impl13Helper.java:123)
	at org.portico.impl.hla13.Rti13Ambassador.processMessage(Rti13Ambassador.java:5822)
	at org.portico.impl.hla13.Rti13Ambassador.timeAdvanceRequest(Rti13Ambassador.java:3501)
	at federaci.AbstractFederat.advanceTime(AbstractFederat.java:349)
	at federaci.FederatKlient.createAndJoinFederation(FederatKlient.java:102)
	at federaci.FederatKlient.runFederate(FederatKlient.java:29)
	at federaci.FederatKasa.main(FederatKasa.java:18)
ERROR [main] portico.lrc: 
org.portico.lrc.compat.JFederateNotExecutionMember: 
	at org.portico.lrc.LRCState.checkJoined(LRCState.java:387)
	at org.portico.lrc.services.time.handlers.outgoing.TimeAdvanceRequestHandler.process(TimeAdvanceRequestHandler.java:55)
	at org.portico.utils.messaging.MessageSink.process(MessageSink.java:187)
	at org.portico.impl.hla13.Impl13Helper.processMessage(Impl13Helper.java:123)
	at org.portico.impl.hla13.Rti13Ambassador.processMessage(Rti13Ambassador.java:5822)
	at org.portico.impl.hla13.Rti13Ambassador.timeAdvanceRequest(Rti13Ambassador.java:3501)
	at federaci.AbstractFederat.advanceTime(AbstractFederat.java:349)
	at federaci.FederatKlient.createAndJoinFederation(FederatKlient.java:102)
	at federaci.FederatKlient.runFederate(FederatKlient.java:29)
	at federaci.FederatKasa.main(FederatKasa.java:18)
ERROR [main] portico.lrc: 
org.portico.lrc.compat.JFederateNotExecutionMember: 
	at org.portico.lrc.LRCState.checkJoined(LRCState.java:387)
	at org.portico.lrc.services.time.handlers.outgoing.TimeAdvanceRequestHandler.process(TimeAdvanceRequestHandler.java:55)
	at org.portico.utils.messaging.MessageSink.process(MessageSink.java:187)
	at org.portico.impl.hla13.Impl13Helper.processMessage(Impl13Helper.java:123)
	at org.portico.impl.hla13.Rti13Ambassador.processMessage(Rti13Ambassador.java:5822)
	at org.portico.impl.hla13.Rti13Ambassador.timeAdvanceRequest(Rti13Ambassador.java:3501)
	at federaci.AbstractFederat.advanceTime(AbstractFederat.java:349)
	at federaci.FederatKlient.createAndJoinFederation(FederatKlient.java:102)
	at federaci.FederatKlient.runFederate(FederatKlient.java:29)
	at federaci.FederatKasa.main(FederatKasa.java:18)
ERROR [main] portico.lrc: 
org.portico.lrc.compat.JFederateNotExecutionMember: 
	at org.portico.lrc.LRCState.checkJoined(LRCState.java:387)
	at org.portico.lrc.services.time.handlers.outgoing.TimeAdvanceRequestHandler.process(TimeAdvanceRequestHandler.java:55)
	at org.portico.utils.messaging.MessageSink.process(MessageSink.java:187)
	at org.portico.impl.hla13.Impl13Helper.processMessage(Impl13Helper.java:123)
	at org.portico.impl.hla13.Rti13Ambassador.processMessage(Rti13Ambassador.java:5822)
	at org.portico.impl.hla13.Rti13Ambassador.timeAdvanceRequest(Rti13Ambassador.java:3501)
	at federaci.AbstractFederat.advanceTime(AbstractFederat.java:349)
	at federaci.FederatKlient.createAndJoinFederation(FederatKlient.java:102)
	at federaci.FederatKlient.runFederate(FederatKlient.java:29)
	at federaci.FederatKasa.main(FederatKasa.java:18)
ERROR [main] portico.lrc: 
org.portico.lrc.compat.JFederateNotExecutionMember: 
	at org.portico.lrc.LRCState.checkJoined(LRCState.java:387)
	at org.portico.lrc.services.time.handlers.outgoing.TimeAdvanceRequestHandler.process(TimeAdvanceRequestHandler.java:55)
	at org.portico.utils.messaging.MessageSink.process(MessageSink.java:187)
	at org.portico.impl.hla13.Impl13Helper.processMessage(Impl13Helper.java:123)
	at org.portico.impl.hla13.Rti13Ambassador.processMessage(Rti13Ambassador.java:5822)
	at org.portico.impl.hla13.Rti13Ambassador.timeAdvanceRequest(Rti13Ambassador.java:3501)
	at federaci.AbstractFederat.advanceTime(AbstractFederat.java:349)
	at federaci.FederatKlient.createAndJoinFederation(FederatKlient.java:102)
	at federaci.FederatKlient.runFederate(FederatKlient.java:29)
	at federaci.FederatKlient.main(FederatKlient.java:18)
ERROR [main] portico.lrc: 
org.portico.lrc.compat.JFederateNotExecutionMember: 
	at org.portico.lrc.LRCState.checkJoined(LRCState.java:387)
	at org.portico.lrc.services.time.handlers.outgoing.TimeAdvanceRequestHandler.process(TimeAdvanceRequestHandler.java:55)
	at org.portico.utils.messaging.MessageSink.process(MessageSink.java:187)
	at org.portico.impl.hla13.Impl13Helper.processMessage(Impl13Helper.java:123)
	at org.portico.impl.hla13.Rti13Ambassador.processMessage(Rti13Ambassador.java:5822)
	at org.portico.impl.hla13.Rti13Ambassador.timeAdvanceRequest(Rti13Ambassador.java:3501)
	at federaci.AbstractFederat.advanceTime(AbstractFederat.java:349)
	at federaci.FederatKlient.createAndJoinFederation(FederatKlient.java:102)
	at federaci.FederatKlient.runFederate(FederatKlient.java:29)
	at federaci.FederatKasa.main(FederatKasa.java:18)
ERROR [main] portico.lrc: 
org.portico.lrc.compat.JFederateNotExecutionMember: 
	at org.portico.lrc.LRCState.checkJoined(LRCState.java:387)
	at org.portico.lrc.services.time.handlers.outgoing.TimeAdvanceRequestHandler.process(TimeAdvanceRequestHandler.java:55)
	at org.portico.utils.messaging.MessageSink.process(MessageSink.java:187)
	at org.portico.impl.hla13.Impl13Helper.processMessage(Impl13Helper.java:123)
	at org.portico.impl.hla13.Rti13Ambassador.processMessage(Rti13Ambassador.java:5822)
	at org.portico.impl.hla13.Rti13Ambassador.timeAdvanceRequest(Rti13Ambassador.java:3501)
	at federaci.AbstractFederat.advanceTime(AbstractFederat.java:349)
	at federaci.FederatKlient.createAndJoinFederation(FederatKlient.java:102)
	at federaci.FederatKlient.runFederate(FederatKlient.java:29)
	at federaci.FederatKasa.main(FederatKasa.java:18)
ERROR [main] portico.lrc: 
org.portico.lrc.compat.JFederateNotExecutionMember: 
	at org.portico.lrc.LRCState.checkJoined(LRCState.java:387)
	at org.portico.lrc.services.time.handlers.outgoing.TimeAdvanceRequestHandler.process(TimeAdvanceRequestHandler.java:55)
	at org.portico.utils.messaging.MessageSink.process(MessageSink.java:187)
	at org.portico.impl.hla13.Impl13Helper.processMessage(Impl13Helper.java:123)
	at org.portico.impl.hla13.Rti13Ambassador.processMessage(Rti13Ambassador.java:5822)
	at org.portico.impl.hla13.Rti13Ambassador.timeAdvanceRequest(Rti13Ambassador.java:3501)
	at federaci.AbstractFederat.advanceTime(AbstractFederat.java:349)
	at federaci.FederatKlient.createAndJoinFederation(FederatKlient.java:102)
	at federaci.FederatKlient.runFederate(FederatKlient.java:29)
	at federaci.FederatKasa.main(FederatKasa.java:18)
ERROR [main] portico.lrc: 
org.portico.lrc.compat.JFederateNotExecutionMember: 
	at org.portico.lrc.LRCState.checkJoined(LRCState.java:387)
	at org.portico.lrc.services.time.handlers.outgoing.TimeAdvanceRequestHandler.process(TimeAdvanceRequestHandler.java:55)
	at org.portico.utils.messaging.MessageSink.process(MessageSink.java:187)
	at org.portico.impl.hla13.Impl13Helper.processMessage(Impl13Helper.java:123)
	at org.portico.impl.hla13.Rti13Ambassador.processMessage(Rti13Ambassador.java:5822)
	at org.portico.impl.hla13.Rti13Ambassador.timeAdvanceRequest(Rti13Ambassador.java:3501)
	at federaci.AbstractFederat.advanceTime(AbstractFederat.java:349)
	at federaci.FederatKlient.createAndJoinFederation(FederatKlient.java:102)
	at federaci.FederatKlient.runFederate(FederatKlient.java:29)
	at federaci.FederatKasa.main(FederatKasa.java:18)
ERROR [main] portico.lrc: 
org.portico.lrc.compat.JFederateNotExecutionMember: 
	at org.portico.lrc.LRCState.checkJoined(LRCState.java:387)
	at org.portico.lrc.services.time.handlers.outgoing.TimeAdvanceRequestHandler.process(TimeAdvanceRequestHandler.java:55)
	at org.portico.utils.messaging.MessageSink.process(MessageSink.java:187)
	at org.portico.impl.hla13.Impl13Helper.processMessage(Impl13Helper.java:123)
	at org.portico.impl.hla13.Rti13Ambassador.processMessage(Rti13Ambassador.java:5822)
	at org.portico.impl.hla13.Rti13Ambassador.timeAdvanceRequest(Rti13Ambassador.java:3501)
	at federaci.AbstractFederat.advanceTime(AbstractFederat.java:349)
	at federaci.FederatKlient.createAndJoinFederation(FederatKlient.java:102)
	at federaci.FederatKlient.runFederate(FederatKlient.java:29)
	at federaci.FederatKlient.main(FederatKlient.java:18)
ERROR [main] portico.lrc: 
org.portico.lrc.compat.JFederateNotExecutionMember: 
	at org.portico.lrc.LRCState.checkJoined(LRCState.java:387)
	at org.portico.lrc.services.time.handlers.outgoing.TimeAdvanceRequestHandler.process(TimeAdvanceRequestHandler.java:55)
	at org.portico.utils.messaging.MessageSink.process(MessageSink.java:187)
	at org.portico.impl.hla13.Impl13Helper.processMessage(Impl13Helper.java:123)
	at org.portico.impl.hla13.Rti13Ambassador.processMessage(Rti13Ambassador.java:5822)
	at org.portico.impl.hla13.Rti13Ambassador.timeAdvanceRequest(Rti13Ambassador.java:3501)
	at federaci.AbstractFederat.advanceTime(AbstractFederat.java:349)
	at federaci.FederatKlient.createAndJoinFederation(FederatKlient.java:102)
	at federaci.FederatKlient.runFederate(FederatKlient.java:29)
	at federaci.FederatKlient.main(FederatKlient.java:18)
ERROR [main] portico.lrc: 
org.portico.lrc.compat.JFederateNotExecutionMember: 
	at org.portico.lrc.LRCState.checkJoined(LRCState.java:387)
	at org.portico.lrc.services.time.handlers.outgoing.TimeAdvanceRequestHandler.process(TimeAdvanceRequestHandler.java:55)
	at org.portico.utils.messaging.MessageSink.process(MessageSink.java:187)
	at org.portico.impl.hla13.Impl13Helper.processMessage(Impl13Helper.java:123)
	at org.portico.impl.hla13.Rti13Ambassador.processMessage(Rti13Ambassador.java:5822)
	at org.portico.impl.hla13.Rti13Ambassador.timeAdvanceRequest(Rti13Ambassador.java:3501)
	at federaci.AbstractFederat.advanceTime(AbstractFederat.java:349)
	at federaci.FederatKlient.createAndJoinFederation(FederatKlient.java:102)
	at federaci.FederatKlient.runFederate(FederatKlient.java:29)
	at federaci.FederatKasa.main(FederatKasa.java:18)
ERROR [main] portico.lrc: 
org.portico.lrc.compat.JFederateNotExecutionMember: 
	at org.portico.lrc.LRCState.checkJoined(LRCState.java:387)
	at org.portico.lrc.services.time.handlers.outgoing.TimeAdvanceRequestHandler.process(TimeAdvanceRequestHandler.java:55)
	at org.portico.utils.messaging.MessageSink.process(MessageSink.java:187)
	at org.portico.impl.hla13.Impl13Helper.processMessage(Impl13Helper.java:123)
	at org.portico.impl.hla13.Rti13Ambassador.processMessage(Rti13Ambassador.java:5822)
	at org.portico.impl.hla13.Rti13Ambassador.timeAdvanceRequest(Rti13Ambassador.java:3501)
	at federaci.AbstractFederat.advanceTime(AbstractFederat.java:349)
	at federaci.FederatKlient.createAndJoinFederation(FederatKlient.java:102)
	at federaci.FederatKlient.runFederate(FederatKlient.java:29)
	at federaci.FederatKlient.main(FederatKlient.java:18)
ERROR [main] portico.lrc: 
org.portico.lrc.compat.JFederateNotExecutionMember: 
	at org.portico.lrc.LRCState.checkJoined(LRCState.java:387)
	at org.portico.lrc.services.time.handlers.outgoing.TimeAdvanceRequestHandler.process(TimeAdvanceRequestHandler.java:55)
	at org.portico.utils.messaging.MessageSink.process(MessageSink.java:187)
	at org.portico.impl.hla13.Impl13Helper.processMessage(Impl13Helper.java:123)
	at org.portico.impl.hla13.Rti13Ambassador.processMessage(Rti13Ambassador.java:5822)
	at org.portico.impl.hla13.Rti13Ambassador.timeAdvanceRequest(Rti13Ambassador.java:3501)
	at federaci.AbstractFederat.advanceTime(AbstractFederat.java:349)
	at federaci.FederatKlient.createAndJoinFederation(FederatKlient.java:102)
	at federaci.FederatKlient.runFederate(FederatKlient.java:29)
	at federaci.FederatKlient.main(FederatKlient.java:18)
ERROR [main] portico.lrc: 
org.portico.lrc.compat.JFederateNotExecutionMember: 
	at org.portico.lrc.LRCState.checkJoined(LRCState.java:387)
	at org.portico.lrc.services.time.handlers.outgoing.TimeAdvanceRequestHandler.process(TimeAdvanceRequestHandler.java:55)
	at org.portico.utils.messaging.MessageSink.process(MessageSink.java:187)
	at org.portico.impl.hla13.Impl13Helper.processMessage(Impl13Helper.java:123)
	at org.portico.impl.hla13.Rti13Ambassador.processMessage(Rti13Ambassador.java:5822)
	at org.portico.impl.hla13.Rti13Ambassador.timeAdvanceRequest(Rti13Ambassador.java:3501)
	at federaci.AbstractFederat.advanceTime(AbstractFederat.java:349)
	at federaci.FederatKlient.createAndJoinFederation(FederatKlient.java:102)
	at federaci.FederatKlient.runFederate(FederatKlient.java:29)
	at federaci.FederatKlient.main(FederatKlient.java:18)
ERROR [main] portico.lrc: 
org.portico.lrc.compat.JFederateNotExecutionMember: 
	at org.portico.lrc.LRCState.checkJoined(LRCState.java:387)
	at org.portico.lrc.services.time.handlers.outgoing.TimeAdvanceRequestHandler.process(TimeAdvanceRequestHandler.java:55)
	at org.portico.utils.messaging.MessageSink.process(MessageSink.java:187)
	at org.portico.impl.hla13.Impl13Helper.processMessage(Impl13Helper.java:123)
	at org.portico.impl.hla13.Rti13Ambassador.processMessage(Rti13Ambassador.java:5822)
	at org.portico.impl.hla13.Rti13Ambassador.timeAdvanceRequest(Rti13Ambassador.java:3501)
	at federaci.AbstractFederat.advanceTime(AbstractFederat.java:349)
	at federaci.FederatKlient.createAndJoinFederation(FederatKlient.java:102)
	at federaci.FederatKlient.runFederate(FederatKlient.java:29)
	at federaci.FederatKlient.main(FederatKlient.java:18)
ERROR [main] portico.lrc: 
org.portico.lrc.compat.JFederateNotExecutionMember: 
	at org.portico.lrc.LRCState.checkJoined(LRCState.java:387)
	at org.portico.lrc.services.time.handlers.outgoing.TimeAdvanceRequestHandler.process(TimeAdvanceRequestHandler.java:55)
	at org.portico.utils.messaging.MessageSink.process(MessageSink.java:187)
	at org.portico.impl.hla13.Impl13Helper.processMessage(Impl13Helper.java:123)
	at org.portico.impl.hla13.Rti13Ambassador.processMessage(Rti13Ambassador.java:5822)
	at org.portico.impl.hla13.Rti13Ambassador.timeAdvanceRequest(Rti13Ambassador.java:3501)
	at federaci.AbstractFederat.advanceTime(AbstractFederat.java:349)
	at federaci.FederatKlient.createAndJoinFederation(FederatKlient.java:102)
	at federaci.FederatKlient.runFederate(FederatKlient.java:29)
	at federaci.FederatKlient.main(FederatKlient.java:18)
ERROR [main] portico.lrc: 
org.portico.lrc.compat.JFederateNotExecutionMember: 
	at org.portico.lrc.LRCState.checkJoined(LRCState.java:387)
	at org.portico.lrc.services.time.handlers.outgoing.TimeAdvanceRequestHandler.process(TimeAdvanceRequestHandler.java:55)
	at org.portico.utils.messaging.MessageSink.process(MessageSink.java:187)
	at org.portico.impl.hla13.Impl13Helper.processMessage(Impl13Helper.java:123)
	at org.portico.impl.hla13.Rti13Ambassador.processMessage(Rti13Ambassador.java:5822)
	at org.portico.impl.hla13.Rti13Ambassador.timeAdvanceRequest(Rti13Ambassador.java:3501)
	at federaci.AbstractFederat.advanceTime(AbstractFederat.java:349)
	at federaci.FederatKlient.createAndJoinFederation(FederatKlient.java:102)
	at federaci.FederatKlient.runFederate(FederatKlient.java:29)
	at federaci.FederatKlient.main(FederatKlient.java:18)
ERROR [main] portico.lrc: 
org.portico.lrc.compat.JFederateNotExecutionMember: 
	at org.portico.lrc.LRCState.checkJoined(LRCState.java:387)
	at org.portico.lrc.services.time.handlers.outgoing.TimeAdvanceRequestHandler.process(TimeAdvanceRequestHandler.java:55)
	at org.portico.utils.messaging.MessageSink.process(MessageSink.java:187)
	at org.portico.impl.hla13.Impl13Helper.processMessage(Impl13Helper.java:123)
	at org.portico.impl.hla13.Rti13Ambassador.processMessage(Rti13Ambassador.java:5822)
	at org.portico.impl.hla13.Rti13Ambassador.timeAdvanceRequest(Rti13Ambassador.java:3501)
	at federaci.AbstractFederat.advanceTime(AbstractFederat.java:349)
	at federaci.FederatKlient.createAndJoinFederation(FederatKlient.java:102)
	at federaci.FederatKlient.runFederate(FederatKlient.java:29)
	at federaci.FederatKlient.main(FederatKlient.java:18)
